2025-05-25 19:15:03,175 INFO o.a.j.u.JMeterUtils: Setting Locale to en_EN
2025-05-25 19:15:03,188 INFO o.a.j.JMeter: Loading user properties from: J:\University\Testing\Test\2-Web\6-Jmeter\New folder\apache-jmeter-5.6.3\bin\user.properties
2025-05-25 19:15:03,188 INFO o.a.j.JMeter: Loading system properties from: J:\University\Testing\Test\2-Web\6-Jmeter\New folder\apache-jmeter-5.6.3\bin\system.properties
2025-05-25 19:15:03,195 INFO o.a.j.JMeter: Copyright (c) 1998-2024 The Apache Software Foundation
2025-05-25 19:15:03,195 INFO o.a.j.JMeter: Version 5.6.3
2025-05-25 19:15:03,195 INFO o.a.j.JMeter: java.version=1.8.0_451
2025-05-25 19:15:03,195 INFO o.a.j.JMeter: java.vm.name=Java HotSpot(TM) 64-Bit Server VM
2025-05-25 19:15:03,195 INFO o.a.j.JMeter: os.name=Windows 10
2025-05-25 19:15:03,196 INFO o.a.j.JMeter: os.arch=amd64
2025-05-25 19:15:03,196 INFO o.a.j.JMeter: os.version=10.0
2025-05-25 19:15:03,196 INFO o.a.j.JMeter: file.encoding=Cp1252
2025-05-25 19:15:03,196 INFO o.a.j.JMeter: java.awt.headless=true
2025-05-25 19:15:03,196 INFO o.a.j.JMeter: Max memory     =1073741824
2025-05-25 19:15:03,196 INFO o.a.j.JMeter: Available Processors =8
2025-05-25 19:15:03,200 INFO o.a.j.JMeter: Default Locale=English (EN)
2025-05-25 19:15:03,201 INFO o.a.j.JMeter: JMeter  Locale=English (EN)
2025-05-25 19:15:03,201 INFO o.a.j.JMeter: JMeterHome=J:\University\Testing\Test\2-Web\6-Jmeter\New folder\apache-jmeter-5.6.3
2025-05-25 19:15:03,201 INFO o.a.j.JMeter: user.dir  =J:\University\Testing\Test\Projects\2-Web\Final Project 2\Jmeter
2025-05-25 19:15:03,202 INFO o.a.j.JMeter: PWD       =J:\University\Testing\Test\Projects\2-Web\Final Project 2\Jmeter
2025-05-25 19:15:03,205 INFO o.a.j.JMeter: IP: 192.168.1.12 Name: DESKTOP-VHK7RJE FullName: DESKTOP-VHK7RJE.home
2025-05-25 19:15:03,223 INFO o.a.j.JMeter: Setting property 'jmeter.reportgenerator.outputdir' to:'J:\University\Testing\Test\Projects\2-Web\Final Project 2\Jmeter\Stress'
2025-05-25 19:15:03,225 INFO o.a.j.s.FileServer: Default base='J:\University\Testing\Test\Projects\2-Web\Final Project 2\Jmeter'
2025-05-25 19:15:03,226 INFO o.a.j.s.FileServer: Set new base='J:\University\Testing\Test\Projects\2-Web\Final Project 2\Jmeter'
2025-05-25 19:15:03,390 INFO o.a.j.s.SaveService: Testplan (JMX) version: 2.2. Testlog (JTL) version: 2.2
2025-05-25 19:15:03,419 INFO o.a.j.s.SaveService: Using SaveService properties file encoding UTF-8
2025-05-25 19:15:03,426 INFO o.a.j.s.SaveService: Using SaveService properties version 5.0
2025-05-25 19:15:03,432 INFO o.a.j.s.SaveService: Loading file: stress.jmx
2025-05-25 19:15:03,565 INFO o.a.j.p.h.s.HTTPSamplerBase: Parser for text/html is org.apache.jmeter.protocol.http.parser.LagartoBasedHtmlParser
2025-05-25 19:15:03,565 INFO o.a.j.p.h.s.HTTPSamplerBase: Parser for application/xhtml+xml is org.apache.jmeter.protocol.http.parser.LagartoBasedHtmlParser
2025-05-25 19:15:03,565 INFO o.a.j.p.h.s.HTTPSamplerBase: Parser for application/xml is org.apache.jmeter.protocol.http.parser.LagartoBasedHtmlParser
2025-05-25 19:15:03,565 INFO o.a.j.p.h.s.HTTPSamplerBase: Parser for text/xml is org.apache.jmeter.protocol.http.parser.LagartoBasedHtmlParser
2025-05-25 19:15:03,565 INFO o.a.j.p.h.s.HTTPSamplerBase: Parser for text/vnd.wap.wml is org.apache.jmeter.protocol.http.parser.RegexpHTMLParser
2025-05-25 19:15:03,565 INFO o.a.j.p.h.s.HTTPSamplerBase: Parser for text/css is org.apache.jmeter.protocol.http.parser.CssParser
2025-05-25 19:15:03,883 INFO o.a.j.JMeter: Creating summariser <summary>
2025-05-25 19:15:03,888 INFO o.a.j.r.d.ReportGenerator: ReportGenerator will use for Parsing the separator: ','
2025-05-25 19:15:03,889 INFO o.a.j.r.d.ReportGenerator: Will generate report at end of test from  results file: Results_Stress.jtl
2025-05-25 19:15:03,889 INFO o.a.j.r.d.ReportGenerator: Reading report generator properties from: J:\University\Testing\Test\2-Web\6-Jmeter\New folder\apache-jmeter-5.6.3\bin\reportgenerator.properties
2025-05-25 19:15:03,946 INFO o.a.j.r.d.ReportGenerator: Merging with JMeter properties
2025-05-25 19:15:03,977 INFO o.a.j.r.c.ReportGeneratorConfiguration: Property 'jmeter.reportgenerator.temp_dir' not found, using default value 'temp' instead.
2025-05-25 19:15:03,980 INFO o.a.j.r.c.ReportGeneratorConfiguration: Property 'jmeter.reportgenerator.apdex_per_transaction' not found, using default value 'null' instead.
2025-05-25 19:15:03,980 INFO o.a.j.r.c.ReportGeneratorConfiguration: apdex_per_transaction is empty, not APDEX per transaction customization
2025-05-25 19:15:03,980 INFO o.a.j.r.c.ReportGeneratorConfiguration: Property 'jmeter.reportgenerator.sample_filter' not found, using default value 'null' instead.
2025-05-25 19:15:03,980 INFO o.a.j.r.c.ReportGeneratorConfiguration: Property 'jmeter.reportgenerator.report_title' not found, using default value 'null' instead.
2025-05-25 19:15:03,980 INFO o.a.j.r.c.ReportGeneratorConfiguration: Property 'jmeter.reportgenerator.start_date' not found, using default value 'null' instead.
2025-05-25 19:15:03,980 INFO o.a.j.r.c.ReportGeneratorConfiguration: Property 'jmeter.reportgenerator.end_date' not found, using default value 'null' instead.
2025-05-25 19:15:03,981 INFO o.a.j.r.c.ReportGeneratorConfiguration: Property 'jmeter.reportgenerator.date_format' not found, using default value 'null' instead.
2025-05-25 19:15:03,984 INFO o.a.j.r.c.ReportGeneratorConfiguration: Will use date range start date: null, end date: null
2025-05-25 19:15:03,993 INFO o.a.j.r.c.ReportGeneratorConfiguration: Property 'jmeter.reportgenerator.graph.totalTPS.exclude_controllers' not found, using default value 'false' instead.
2025-05-25 19:15:03,994 INFO o.a.j.r.c.ReportGeneratorConfiguration: Property 'jmeter.reportgenerator.graph.activeThreadsOverTime.exclude_controllers' not found, using default value 'false' instead.
2025-05-25 19:15:03,994 INFO o.a.j.r.c.ReportGeneratorConfiguration: Property 'jmeter.reportgenerator.graph.timeVsThreads.exclude_controllers' not found, using default value 'false' instead.
2025-05-25 19:15:03,994 INFO o.a.j.r.c.ReportGeneratorConfiguration: Property 'jmeter.reportgenerator.graph.responseTimeDistribution.exclude_controllers' not found, using default value 'false' instead.
2025-05-25 19:15:03,994 INFO o.a.j.r.c.ReportGeneratorConfiguration: Property 'jmeter.reportgenerator.graph.transactionsPerSecond.exclude_controllers' not found, using default value 'false' instead.
2025-05-25 19:15:03,994 INFO o.a.j.r.c.ReportGeneratorConfiguration: Property 'jmeter.reportgenerator.graph.responseTimePercentiles.exclude_controllers' not found, using default value 'false' instead.
2025-05-25 19:15:03,994 INFO o.a.j.r.c.ReportGeneratorConfiguration: Property 'jmeter.reportgenerator.graph.responseTimePercentilesOverTime.exclude_controllers' not found, using default value 'false' instead.
2025-05-25 19:15:03,994 INFO o.a.j.r.c.ReportGeneratorConfiguration: Property 'jmeter.reportgenerator.graph.responseTimesOverTime.exclude_controllers' not found, using default value 'false' instead.
2025-05-25 19:15:03,994 INFO o.a.j.r.c.ReportGeneratorConfiguration: Property 'jmeter.reportgenerator.graph.connectTimeOverTime.exclude_controllers' not found, using default value 'false' instead.
2025-05-25 19:15:03,995 INFO o.a.j.r.c.ReportGeneratorConfiguration: Property 'jmeter.reportgenerator.graph.latenciesOverTime.exclude_controllers' not found, using default value 'false' instead.
2025-05-25 19:15:03,995 INFO o.a.j.r.c.ReportGeneratorConfiguration: Property 'jmeter.reportgenerator.exporter.json.filters_only_sample_series' not found, using default value 'true' instead.
2025-05-25 19:15:03,995 INFO o.a.j.r.c.ReportGeneratorConfiguration: Property 'jmeter.reportgenerator.exporter.json.series_filter' not found, using default value '' instead.
2025-05-25 19:15:03,995 INFO o.a.j.r.c.ReportGeneratorConfiguration: Property 'jmeter.reportgenerator.exporter.json.show_controllers_only' not found, using default value 'false' instead.
2025-05-25 19:15:03,996 INFO o.a.j.r.c.ReportGeneratorConfiguration: Property 'jmeter.reportgenerator.exporter.html.filters_only_sample_series' not found, using default value 'true' instead.
2025-05-25 19:15:03,996 INFO o.a.j.r.c.ReportGeneratorConfiguration: Property 'jmeter.reportgenerator.exporter.html.series_filter' not found, using default value '' instead.
2025-05-25 19:15:03,996 INFO o.a.j.r.c.ReportGeneratorConfiguration: Property 'jmeter.reportgenerator.exporter.html.show_controllers_only' not found, using default value 'false' instead.
2025-05-25 19:15:04,007 INFO o.a.j.e.StandardJMeterEngine: Running the test!
2025-05-25 19:15:04,008 INFO o.a.j.s.SampleEvent: List of sample_variables: []
2025-05-25 19:15:04,008 INFO o.a.j.s.SampleEvent: List of sample_variables: []
2025-05-25 19:15:04,013 INFO o.a.j.e.u.CompoundVariable: Note: Function class names must contain the string: '.functions.'
2025-05-25 19:15:04,014 INFO o.a.j.e.u.CompoundVariable: Note: Function class names must not contain the string: '.gui.'
2025-05-25 19:15:04,328 INFO o.a.j.r.ClassFinder: Will scan jar J:\University\Testing\Test\2-Web\6-Jmeter\New folder\apache-jmeter-5.6.3\lib\ext\json-lib-2.4-jdk15.jar with filter ExtendsClassFilter [parents=[interface org.apache.jmeter.functions.Function], inner=false, contains=null, notContains=null]. Consider exposing JMeter plugins via META-INF/services, and add JMeter-Skip-Class-Scanning=true manifest attribute so JMeter can skip classfile scanning
2025-05-25 19:15:04,351 INFO o.a.j.r.ClassFinder: Will scan jar J:\University\Testing\Test\2-Web\6-Jmeter\New folder\apache-jmeter-5.6.3\lib\ext\jmeter-plugins-cmn-jmeter-0.7.jar with filter ExtendsClassFilter [parents=[interface org.apache.jmeter.functions.Function], inner=false, contains=null, notContains=null]. Consider exposing JMeter plugins via META-INF/services, and add JMeter-Skip-Class-Scanning=true manifest attribute so JMeter can skip classfile scanning
2025-05-25 19:15:04,385 INFO o.a.j.r.ClassFinder: Will scan jar J:\University\Testing\Test\2-Web\6-Jmeter\New folder\apache-jmeter-5.6.3\lib\ext\jmeter-plugins-casutg-3.1.1.jar with filter ExtendsClassFilter [parents=[interface org.apache.jmeter.functions.Function], inner=false, contains=null, notContains=null]. Consider exposing JMeter plugins via META-INF/services, and add JMeter-Skip-Class-Scanning=true manifest attribute so JMeter can skip classfile scanning
2025-05-25 19:15:04,400 INFO o.a.j.r.ClassFinder: Will scan jar J:\University\Testing\Test\2-Web\6-Jmeter\New folder\apache-jmeter-5.6.3\lib\ext\jmeter-plugins-manager-1.10.jar with filter ExtendsClassFilter [parents=[interface org.apache.jmeter.functions.Function], inner=false, contains=null, notContains=null]. Consider exposing JMeter plugins via META-INF/services, and add JMeter-Skip-Class-Scanning=true manifest attribute so JMeter can skip classfile scanning
2025-05-25 19:15:04,526 INFO o.a.j.r.ClassFinder: Will scan jar J:\University\Testing\Test\2-Web\6-Jmeter\New folder\apache-jmeter-5.6.3\lib\ext\cmdrunner-2.3.jar with filter ExtendsClassFilter [parents=[interface org.apache.jmeter.functions.Function], inner=false, contains=null, notContains=null]. Consider exposing JMeter plugins via META-INF/services, and add JMeter-Skip-Class-Scanning=true manifest attribute so JMeter can skip classfile scanning
2025-05-25 19:15:04,547 INFO o.a.j.JMeter: Running test (1748189704547)
2025-05-25 19:15:04,630 INFO o.a.j.e.StandardJMeterEngine: Starting ThreadGroup: 1 : Stress Test Thread Group
2025-05-25 19:15:04,630 INFO o.a.j.e.StandardJMeterEngine: Starting 15 threads for group Stress Test Thread Group.
2025-05-25 19:15:04,630 INFO o.a.j.e.StandardJMeterEngine: Thread will continue on error
2025-05-25 19:15:04,631 INFO k.a.j.t.AbstractSimpleThreadGroup: Starting thread group number 1 threads 15
2025-05-25 19:15:04,649 INFO k.a.j.t.AbstractSimpleThreadGroup: Started thread group number 1
2025-05-25 19:15:04,650 INFO o.a.j.e.StandardJMeterEngine: All thread groups have been started
2025-05-25 19:15:10,632 INFO o.a.j.t.JMeterThread: Thread started: Stress Test Thread Group 1-5
2025-05-25 19:15:10,661 INFO o.a.j.p.h.s.HTTPHCAbstractImpl: Local host = DESKTOP-VHK7RJE
2025-05-25 19:15:10,669 INFO o.a.j.p.h.s.HTTPHC4Impl: HTTP request retry count = 0
2025-05-25 19:15:10,670 INFO o.a.j.s.SampleResult: Note: Sample TimeStamps are START times
2025-05-25 19:15:10,670 INFO o.a.j.s.SampleResult: sampleresult.default.encoding is set to UTF-8
2025-05-25 19:15:10,670 INFO o.a.j.s.SampleResult: sampleresult.useNanoTime=true
2025-05-25 19:15:10,670 INFO o.a.j.s.SampleResult: sampleresult.nanoThreadSleep=5000
2025-05-25 19:15:11,101 INFO o.a.j.u.JsseSSLManager: Using default SSL protocol: TLS
2025-05-25 19:15:11,101 INFO o.a.j.u.JsseSSLManager: SSL session context: per-thread
2025-05-25 19:15:16,632 INFO o.a.j.t.JMeterThread: Thread started: Stress Test Thread Group 1-4
2025-05-25 19:15:22,631 INFO o.a.j.t.JMeterThread: Thread started: Stress Test Thread Group 1-3
2025-05-25 19:15:28,632 INFO o.a.j.t.JMeterThread: Thread started: Stress Test Thread Group 1-2
2025-05-25 19:15:30,050 INFO o.a.j.r.Summariser: summary +    433 in 00:00:26 =   17.0/s Avg:    93 Min:     3 Max:   379 Err:     0 (0.00%) Active: 4 Started: 4 Finished: 0
2025-05-25 19:15:34,632 INFO o.a.j.t.JMeterThread: Thread started: Stress Test Thread Group 1-1
2025-05-25 19:15:40,632 INFO o.a.j.t.JMeterThread: Thread started: Stress Test Thread Group 1-10
2025-05-25 19:15:46,631 INFO o.a.j.t.JMeterThread: Thread started: Stress Test Thread Group 1-9
2025-05-25 19:15:52,632 INFO o.a.j.t.JMeterThread: Thread started: Stress Test Thread Group 1-8
2025-05-25 19:15:58,632 INFO o.a.j.t.JMeterThread: Thread started: Stress Test Thread Group 1-7
2025-05-25 19:16:00,097 INFO o.a.j.r.Summariser: summary +    833 in 00:00:30 =   27.7/s Avg:   221 Min:     5 Max:   666 Err:     0 (0.00%) Active: 9 Started: 9 Finished: 0
2025-05-25 19:16:00,100 INFO o.a.j.r.Summariser: summary =   1266 in 00:00:56 =   22.8/s Avg:   178 Min:     3 Max:   666 Err:     0 (0.00%)
2025-05-25 19:16:04,632 INFO o.a.j.t.JMeterThread: Thread started: Stress Test Thread Group 1-6
2025-05-25 19:16:10,632 INFO o.a.j.t.JMeterThread: Thread started: Stress Test Thread Group 1-15
2025-05-25 19:16:16,632 INFO o.a.j.t.JMeterThread: Thread started: Stress Test Thread Group 1-14
2025-05-25 19:16:22,635 INFO o.a.j.t.JMeterThread: Thread started: Stress Test Thread Group 1-13
2025-05-25 19:16:28,632 INFO o.a.j.t.JMeterThread: Thread started: Stress Test Thread Group 1-12
2025-05-25 19:16:30,055 INFO o.a.j.r.Summariser: summary +    869 in 00:00:30 =   29.0/s Avg:   385 Min:    10 Max:  1142 Err:     0 (0.00%) Active: 14 Started: 14 Finished: 0
2025-05-25 19:16:30,057 INFO o.a.j.r.Summariser: summary =   2135 in 00:01:26 =   25.0/s Avg:   262 Min:     3 Max:  1142 Err:     0 (0.00%)
2025-05-25 19:16:34,632 INFO o.a.j.t.JMeterThread: Thread started: Stress Test Thread Group 1-11
2025-05-25 19:16:36,430 INFO o.a.j.t.JMeterThread: Stopping because end time detected by thread: Stress Test Thread Group 1-5
2025-05-25 19:16:36,431 INFO o.a.j.t.JMeterThread: Thread finished: Stress Test Thread Group 1-5
2025-05-25 19:16:36,887 INFO o.a.j.t.JMeterThread: Stopping because end time detected by thread: Stress Test Thread Group 1-4
2025-05-25 19:16:36,887 INFO o.a.j.t.JMeterThread: Thread finished: Stress Test Thread Group 1-4
2025-05-25 19:16:37,836 INFO o.a.j.t.JMeterThread: Stopping because end time detected by thread: Stress Test Thread Group 1-3
2025-05-25 19:16:37,836 INFO o.a.j.t.JMeterThread: Thread finished: Stress Test Thread Group 1-3
2025-05-25 19:16:39,174 INFO o.a.j.t.JMeterThread: Stopping because end time detected by thread: Stress Test Thread Group 1-2
2025-05-25 19:16:39,174 INFO o.a.j.t.JMeterThread: Thread finished: Stress Test Thread Group 1-2
2025-05-25 19:16:40,360 INFO o.a.j.t.JMeterThread: Stopping because end time detected by thread: Stress Test Thread Group 1-1
2025-05-25 19:16:40,361 INFO o.a.j.t.JMeterThread: Thread finished: Stress Test Thread Group 1-1
2025-05-25 19:17:00,060 INFO o.a.j.r.Summariser: summary +    830 in 00:00:30 =   27.7/s Avg:   404 Min:     8 Max:  1235 Err:     0 (0.00%) Active: 10 Started: 15 Finished: 5
2025-05-25 19:17:00,062 INFO o.a.j.r.Summariser: summary =   2965 in 00:01:56 =   25.7/s Avg:   302 Min:     3 Max:  1235 Err:     0 (0.00%)
2025-05-25 19:17:05,728 INFO o.a.j.t.JMeterThread: Stopping because end time detected by thread: Stress Test Thread Group 1-10
2025-05-25 19:17:05,728 INFO o.a.j.t.JMeterThread: Thread finished: Stress Test Thread Group 1-10
2025-05-25 19:17:06,689 INFO o.a.j.t.JMeterThread: Stopping because end time detected by thread: Stress Test Thread Group 1-9
2025-05-25 19:17:06,689 INFO o.a.j.t.JMeterThread: Thread finished: Stress Test Thread Group 1-9
2025-05-25 19:17:07,636 INFO o.a.j.t.JMeterThread: Stopping because end time detected by thread: Stress Test Thread Group 1-8
2025-05-25 19:17:07,636 INFO o.a.j.t.JMeterThread: Thread finished: Stress Test Thread Group 1-8
2025-05-25 19:17:08,762 INFO o.a.j.t.JMeterThread: Stopping because end time detected by thread: Stress Test Thread Group 1-7
2025-05-25 19:17:08,762 INFO o.a.j.t.JMeterThread: Thread finished: Stress Test Thread Group 1-7
2025-05-25 19:17:09,788 INFO o.a.j.t.JMeterThread: Stopping because end time detected by thread: Stress Test Thread Group 1-6
2025-05-25 19:17:09,788 INFO o.a.j.t.JMeterThread: Thread finished: Stress Test Thread Group 1-6
2025-05-25 19:17:30,078 INFO o.a.j.r.Summariser: summary +    799 in 00:00:30 =   26.6/s Avg:   239 Min:     6 Max:   863 Err:     0 (0.00%) Active: 5 Started: 15 Finished: 10
2025-05-25 19:17:30,082 INFO o.a.j.r.Summariser: summary =   3764 in 00:02:26 =   25.9/s Avg:   288 Min:     3 Max:  1235 Err:     0 (0.00%)
2025-05-25 19:17:35,715 INFO o.a.j.t.JMeterThread: Stopping because end time detected by thread: Stress Test Thread Group 1-15
2025-05-25 19:17:35,715 INFO o.a.j.t.JMeterThread: Thread finished: Stress Test Thread Group 1-15
2025-05-25 19:17:36,866 INFO o.a.j.t.JMeterThread: Stopping because end time detected by thread: Stress Test Thread Group 1-14
2025-05-25 19:17:36,867 INFO o.a.j.t.JMeterThread: Thread finished: Stress Test Thread Group 1-14
2025-05-25 19:17:37,768 INFO o.a.j.t.JMeterThread: Stopping because end time detected by thread: Stress Test Thread Group 1-13
2025-05-25 19:17:37,768 INFO o.a.j.t.JMeterThread: Thread finished: Stress Test Thread Group 1-13
2025-05-25 19:17:38,665 INFO o.a.j.t.JMeterThread: Stopping because end time detected by thread: Stress Test Thread Group 1-12
2025-05-25 19:17:38,665 INFO o.a.j.t.JMeterThread: Thread finished: Stress Test Thread Group 1-12
2025-05-25 19:17:39,679 INFO o.a.j.t.JMeterThread: Stopping because end time detected by thread: Stress Test Thread Group 1-11
2025-05-25 19:17:39,679 INFO o.a.j.t.JMeterThread: Thread finished: Stress Test Thread Group 1-11
2025-05-25 19:17:39,679 INFO o.a.j.e.StandardJMeterEngine: Notifying test listeners of end of test
2025-05-25 19:17:39,680 INFO o.a.j.r.Summariser: summary +    236 in 00:00:10 =   24.6/s Avg:   166 Min:     2 Max:   554 Err:     0 (0.00%) Active: 0 Started: 15 Finished: 15
2025-05-25 19:17:39,682 INFO o.a.j.r.Summariser: summary =   4000 in 00:02:35 =   25.8/s Avg:   281 Min:     2 Max:  1235 Err:     0 (0.00%)
2025-05-25 19:17:39,683 INFO o.a.j.JMeter: Generating Dashboard
2025-05-25 19:17:39,683 INFO o.a.j.r.d.ReportGenerator: Flushing result collector before report Generation
2025-05-25 19:17:39,736 INFO o.a.j.r.p.NormalizerSampleConsumer: Using format, 'ms', to parse timeStamp field
2025-05-25 19:17:40,307 INFO o.a.j.r.p.AbstractSampleConsumer: class org.apache.jmeter.report.processor.AggregateConsumer#stopProducing(): beginDate produced 0 samples
2025-05-25 19:17:40,307 INFO o.a.j.r.p.AbstractSampleConsumer: class org.apache.jmeter.report.processor.AggregateConsumer#stopProducing(): endDate produced 0 samples
2025-05-25 19:17:40,309 INFO o.a.j.r.p.AbstractSampleConsumer: class org.apache.jmeter.report.processor.ApdexSummaryConsumer#stopProducing(): apdexSummary produced 0 samples
2025-05-25 19:17:40,309 INFO o.a.j.r.p.AbstractSampleConsumer: class org.apache.jmeter.report.processor.RequestsSummaryConsumer#stopProducing(): requestsSummary produced 0 samples
2025-05-25 19:17:40,321 INFO o.a.j.r.p.AbstractSampleConsumer: class org.apache.jmeter.report.processor.StatisticsSummaryConsumer#stopProducing(): statisticsSummary produced 0 samples
2025-05-25 19:17:40,330 INFO o.a.j.r.p.AbstractSampleConsumer: class org.apache.jmeter.report.processor.Top5ErrorsBySamplerConsumer#stopProducing(): top5ErrorsBySampler produced 0 samples
2025-05-25 19:17:40,331 INFO o.a.j.r.p.AbstractSampleConsumer: class org.apache.jmeter.report.processor.ErrorsSummaryConsumer#stopProducing(): errorsSummary produced 0 samples
2025-05-25 19:17:40,331 INFO o.a.j.r.p.AbstractSampleConsumer: class org.apache.jmeter.report.processor.graph.impl.HitsPerSecondGraphConsumer#stopProducing(): hitsPerSecond produced 0 samples
2025-05-25 19:17:40,418 INFO o.a.j.r.p.AbstractSampleConsumer: class org.apache.jmeter.report.processor.graph.impl.LatencyVSRequestGraphConsumer#stopProducing(): latencyVsRequest produced 0 samples
2025-05-25 19:17:40,419 INFO o.a.j.r.p.AbstractSampleConsumer: class org.apache.jmeter.report.processor.graph.impl.SyntheticResponseTimeDistributionGraphConsumer#stopProducing(): syntheticResponseTimeDistribution produced 0 samples
2025-05-25 19:17:40,419 INFO o.a.j.r.p.AbstractSampleConsumer: class org.apache.jmeter.report.processor.graph.impl.BytesThroughputGraphConsumer#stopProducing(): bytesThroughputOverTime produced 0 samples
2025-05-25 19:17:40,419 INFO o.a.j.r.p.AbstractSampleConsumer: class org.apache.jmeter.report.processor.graph.impl.CodesPerSecondGraphConsumer#stopProducing(): codesPerSecond produced 0 samples
2025-05-25 19:17:40,463 INFO o.a.j.r.p.AbstractSampleConsumer: class org.apache.jmeter.report.processor.graph.impl.ResponseTimeVSRequestGraphConsumer#stopProducing(): responseTimeVsRequest produced 0 samples
2025-05-25 19:17:40,465 INFO o.a.j.r.p.AbstractSampleConsumer: class org.apache.jmeter.report.processor.FilterConsumer#stopProducing(): startIntervalControlerFilter produced 28000 samples
2025-05-25 19:17:40,465 INFO o.a.j.r.p.AbstractSampleConsumer: class org.apache.jmeter.report.processor.graph.impl.TotalTPSGraphConsumer#stopProducing(): totalTPS produced 0 samples
2025-05-25 19:17:40,465 INFO o.a.j.r.p.AbstractSampleConsumer: class org.apache.jmeter.report.processor.graph.impl.ActiveThreadsGraphConsumer#stopProducing(): activeThreadsOverTime produced 0 samples
2025-05-25 19:17:40,465 INFO o.a.j.r.p.AbstractSampleConsumer: class org.apache.jmeter.report.processor.graph.impl.TimeVSThreadGraphConsumer#stopProducing(): timeVsThreads produced 0 samples
2025-05-25 19:17:40,466 INFO o.a.j.r.p.AbstractSampleConsumer: class org.apache.jmeter.report.processor.graph.impl.ResponseTimeDistributionGraphConsumer#stopProducing(): responseTimeDistribution produced 0 samples
2025-05-25 19:17:40,466 INFO o.a.j.r.p.AbstractSampleConsumer: class org.apache.jmeter.report.processor.graph.impl.TransactionsPerSecondGraphConsumer#stopProducing(): transactionsPerSecond produced 0 samples
2025-05-25 19:17:40,466 INFO o.a.j.r.p.AbstractSampleConsumer: class org.apache.jmeter.report.processor.graph.impl.ResponseTimePercentilesGraphConsumer#stopProducing(): responseTimePercentiles produced 0 samples
2025-05-25 19:17:40,472 INFO o.a.j.r.p.AbstractSampleConsumer: class org.apache.jmeter.report.processor.graph.impl.ResponseTimePercentilesOverTimeGraphConsumer#stopProducing(): responseTimePercentilesOverTime produced 0 samples
2025-05-25 19:17:40,474 INFO o.a.j.r.p.AbstractSampleConsumer: class org.apache.jmeter.report.processor.graph.impl.ResponseTimeOverTimeGraphConsumer#stopProducing(): responseTimesOverTime produced 0 samples
2025-05-25 19:17:40,474 INFO o.a.j.r.p.AbstractSampleConsumer: class org.apache.jmeter.report.processor.graph.impl.ConnectTimeOverTimeGraphConsumer#stopProducing(): connectTimeOverTime produced 0 samples
2025-05-25 19:17:40,474 INFO o.a.j.r.p.AbstractSampleConsumer: class org.apache.jmeter.report.processor.graph.impl.LatencyOverTimeGraphConsumer#stopProducing(): latenciesOverTime produced 0 samples
2025-05-25 19:17:40,474 INFO o.a.j.r.p.AbstractSampleConsumer: class org.apache.jmeter.report.processor.FilterConsumer#stopProducing(): nameFilter produced 60000 samples
2025-05-25 19:17:40,474 INFO o.a.j.r.p.AbstractSampleConsumer: class org.apache.jmeter.report.processor.FilterConsumer#stopProducing(): dateRangeFilter produced 12000 samples
2025-05-25 19:17:40,474 INFO o.a.j.r.p.AbstractSampleConsumer: class org.apache.jmeter.report.processor.NormalizerSampleConsumer#stopProducing(): normalizer produced 4000 samples
2025-05-25 19:17:40,475 INFO o.a.j.r.p.CsvFileSampleSource: produce(): 4000 samples produced in 707ms on channel 0
2025-05-25 19:17:40,475 INFO o.a.j.r.d.ReportGenerator: Exporting data using exporter:'json' of className:'org.apache.jmeter.report.dashboard.JsonExporter'
2025-05-25 19:17:40,588 INFO o.a.j.r.d.JsonExporter: Found data for consumer statisticsSummary in context
2025-05-25 19:17:40,588 INFO o.a.j.r.d.JsonExporter: Creating statistics for overall
2025-05-25 19:17:40,589 INFO o.a.j.r.d.JsonExporter: Creating statistics for other transactions
2025-05-25 19:17:40,589 INFO o.a.j.r.d.JsonExporter: Checking output folder
2025-05-25 19:17:40,590 INFO o.a.j.r.d.JsonExporter: Writing statistics JSON to J:\University\Testing\Test\Projects\2-Web\Final Project 2\Jmeter\Stress\statistics.json
2025-05-25 19:17:40,663 INFO o.a.j.r.d.ReportGenerator: Exporting data using exporter:'html' of className:'org.apache.jmeter.report.dashboard.HtmlTemplateExporter'
2025-05-25 19:17:40,666 INFO o.a.j.r.d.HtmlTemplateExporter: Will generate dashboard in folder: J:\University\Testing\Test\Projects\2-Web\Final Project 2\Jmeter\Stress
2025-05-25 19:17:40,917 INFO o.a.j.r.d.HtmlTemplateExporter: Report will be generated in: J:\University\Testing\Test\Projects\2-Web\Final Project 2\Jmeter\Stress, creating folder structure
2025-05-25 19:17:40,919 INFO o.a.j.r.d.TemplateVisitor: Copying folder from 'J:\University\Testing\Test\2-Web\6-Jmeter\New folder\apache-jmeter-5.6.3\bin\report-template' to 'J:\University\Testing\Test\Projects\2-Web\Final Project 2\Jmeter\Stress', got message: J:\University\Testing\Test\Projects\2-Web\Final Project 2\Jmeter\Stress, found non empty folder with following content [J:\University\Testing\Test\Projects\2-Web\Final Project 2\Jmeter\Stress\statistics.json], will be ignored
2025-05-25 19:17:43,061 INFO o.a.j.JMeter: Dashboard generated
